<?xml version="1.0" encoding="UTF-8"?>
<testsuite name="kps.tests.BusinessFiguresTests" tests="10" skipped="0" failures="0" errors="0" timestamp="2018-05-23T23:07:13" hostname="DESKTOP-8HNF4PF" time="0.182">
  <properties/>
  <testcase name="testNegativeExpenditure" classname="kps.tests.BusinessFiguresTests" time="0.001"/>
  <testcase name="testInitialState" classname="kps.tests.BusinessFiguresTests" time="0.001"/>
  <testcase name="testRevenue" classname="kps.tests.BusinessFiguresTests" time="0.0"/>
  <testcase name="testNegativeRevenue" classname="kps.tests.BusinessFiguresTests" time="0.001"/>
  <testcase name="testExpenditure" classname="kps.tests.BusinessFiguresTests" time="0.0"/>
  <testcase name="testNegativeExpenditure" classname="kps.tests.BusinessFiguresTests" time="0.0"/>
  <testcase name="testInitialState" classname="kps.tests.BusinessFiguresTests" time="0.0"/>
  <testcase name="testRevenue" classname="kps.tests.BusinessFiguresTests" time="0.0"/>
  <testcase name="testNegativeRevenue" classname="kps.tests.BusinessFiguresTests" time="0.0"/>
  <testcase name="testExpenditure" classname="kps.tests.BusinessFiguresTests" time="0.0"/>
  <system-out><![CDATA[]]></system-out>
  <system-err><![CDATA[]]></system-err>
</testsuite>
